# JRE version: OpenJDK Runtime Environment Temurin-17.0.19+10 (17.0.19+10) (build 17.0.19+10)
# Java VM: OpenJDK 64-Bit Server VM Temurin-17.0.19+10 (17.0.19+10, mixed mode, sharing, tiered, compressed oops, compressed class ptrs, g1 gc, windows-amd64)
GC Precious Log:
 CPUs: 16 total, 16 available
 Memory: 14181M
 Large Page Support: Disabled
 NUMA Support: Disabled
 Compressed Oops: Enabled (Zero based)
 Heap Region Size: 2M
 Heap Min Capacity: 8M
 Heap Initial Capacity: 222M
 Heap Max Capacity: 3546M
 Pre-touch: Disabled
 Parallel Workers: 13
 Concurrent Workers: 3
 Concurrent Refinement Workers: 13
 Periodic GC: Disabled
Heap:
 garbage-first heap   total 139264K, used 65544K [0x0000000722600000, 0x0000000800000000)
  region size 2048K, 6 young (12288K), 3 survivors (6144K)
 Metaspace       used 53331K, committed 53696K, reserved 1114112K
  class space    used 6195K, committed 6400K, reserved 1048576K
GC Heap History (20 events):
Event: 3.952 GC heap before
{Heap before GC invocations=1 (full 0):
 garbage-first heap   total 227328K, used 42458K [0x0000000722600000, 0x0000000800000000)
  region size 2048K, 19 young (38912K), 2 survivors (4096K)
 Metaspace       used 13194K, committed 13440K, reserved 1114112K
  class space    used 1473K, committed 1600K, reserved 1048576K
}
Event: 3.965 GC heap after
{Heap after GC invocations=2 (full 0):
 garbage-first heap   total 227328K, used 10661K [0x0000000722600000, 0x0000000800000000)
  region size 2048K, 3 young (6144K), 3 survivors (6144K)
 Metaspace       used 13194K, committed 13440K, reserved 1114112K
  class space    used 1473K, committed 1600K, reserved 1048576K
}
Event: 6.208 GC heap before
{Heap before GC invocations=2 (full 0):
 garbage-first heap   total 227328K, used 47525K [0x0000000722600000, 0x0000000800000000)
  region size 2048K, 20 young (40960K), 3 survivors (6144K)
 Metaspace       used 21288K, committed 21504K, reserved 1114112K
  class space    used 2509K, committed 2624K, reserved 1048576K
}
Event: 6.223 GC heap after
{Heap after GC invocations=3 (full 0):
 garbage-first heap   total 227328K, used 17707K [0x0000000722600000, 0x0000000800000000)
  region size 2048K, 5 young (10240K), 5 survivors (10240K)
 Metaspace       used 21288K, committed 21504K, reserved 1114112K
  class space    used 2509K, committed 2624K, reserved 1048576K
}
Event: 7.780 GC heap before
{Heap before GC invocations=4 (full 0):
 garbage-first heap   total 75776K, used 58667K [0x0000000722600000, 0x0000000800000000)
  region size 2048K, 22 young (45056K), 5 survivors (10240K)
 Metaspace       used 23467K, committed 23744K, reserved 1114112K
  class space    used 3003K, committed 3136K, reserved 1048576K
}
Event: 7.828 GC heap after
{Heap after GC invocations=5 (full 0):
 garbage-first heap   total 79872K, used 32847K [0x0000000722600000, 0x0000000800000000)
  region size 2048K, 3 young (6144K), 3 survivors (6144K)
 Metaspace       used 23467K, committed 23744K, reserved 1114112K
  class space    used 3003K, committed 3136K, reserved 1048576K
}
Event: 7.943 GC heap before
{Heap before GC invocations=5 (full 0):
 garbage-first heap   total 79872K, used 34895K [0x0000000722600000, 0x0000000800000000)
  region size 2048K, 4 young (8192K), 3 survivors (6144K)
 Metaspace       used 23471K, committed 23744K, reserved 1114112K
  class space    used 3003K, committed 3136K, reserved 1048576K
}
Event: 7.971 GC heap after
{Heap after GC invocations=6 (full 0):
 garbage-first heap   total 79872K, used 27239K [0x0000000722600000, 0x0000000800000000)
  region size 2048K, 1 young (2048K), 1 survivors (2048K)
 Metaspace       used 23471K, committed 23744K, reserved 1114112K
  class space    used 3003K, committed 3136K, reserved 1048576K
}
Event: 9.475 GC heap before
{Heap before GC invocations=6 (full 0):
 garbage-first heap   total 79872K, used 53863K [0x0000000722600000, 0x0000000800000000)
  region size 2048K, 14 young (28672K), 1 survivors (2048K)
 Metaspace       used 25842K, committed 26112K, reserved 1114112K
  class space    used 3411K, committed 3520K, reserved 1048576K
}
Event: 9.499 GC heap after
{Heap after GC invocations=7 (full 0):
 garbage-first heap   total 79872K, used 31296K [0x0000000722600000, 0x0000000800000000)
  region size 2048K, 2 young (4096K), 2 survivors (4096K)
 Metaspace       used 25842K, committed 26112K, reserved 1114112K
  class space    used 3411K, committed 3520K, reserved 1048576K
}
Event: 12.400 GC heap before
{Heap before GC invocations=7 (full 0):
 garbage-first heap   total 79872K, used 62016K [0x0000000722600000, 0x0000000800000000)
  region size 2048K, 14 young (28672K), 2 survivors (4096K)
 Metaspace       used 30512K, committed 30720K, reserved 1114112K
  class space    used 3927K, committed 4032K, reserved 1048576K
}
Event: 12.425 GC heap after
{Heap after GC invocations=8 (full 0):
 garbage-first heap   total 139264K, used 43373K [0x0000000722600000, 0x0000000800000000)
  region size 2048K, 2 young (4096K), 2 survivors (4096K)
 Metaspace       used 30512K, committed 30720K, reserved 1114112K
  class space    used 3927K, committed 4032K, reserved 1048576K
}
Event: 13.901 GC heap before
{Heap before GC invocations=8 (full 0):
 garbage-first heap   total 139264K, used 69997K [0x0000000722600000, 0x0000000800000000)
  region size 2048K, 16 young (32768K), 2 survivors (4096K)
 Metaspace       used 35682K, committed 35968K, reserved 1114112K
  class space    used 4413K, committed 4608K, reserved 1048576K
}
Event: 13.918 GC heap after
{Heap after GC invocations=9 (full 0):
 garbage-first heap   total 139264K, used 46800K [0x0000000722600000, 0x0000000800000000)
  region size 2048K, 4 young (8192K), 4 survivors (8192K)
 Metaspace       used 35682K, committed 35968K, reserved 1114112K
  class space    used 4413K, committed 4608K, reserved 1048576K
}
Event: 15.711 GC heap before
{Heap before GC invocations=10 (full 0):
 garbage-first heap   total 139264K, used 100048K [0x0000000722600000, 0x0000000800000000)
  region size 2048K, 30 young (61440K), 4 survivors (8192K)
 Metaspace       used 40994K, committed 41280K, reserved 1114112K
  class space    used 5024K, committed 5184K, reserved 1048576K
}
Event: 15.734 GC heap after
{Heap after GC invocations=11 (full 0):
 garbage-first heap   total 139264K, used 50334K [0x0000000722600000, 0x0000000800000000)
  region size 2048K, 4 young (8192K), 4 survivors (8192K)
 Metaspace       used 40994K, committed 41280K, reserved 1114112K
  class space    used 5024K, committed 5184K, reserved 1048576K
}
Event: 20.187 GC heap before
{Heap before GC invocations=11 (full 0):
 garbage-first heap   total 139264K, used 99486K [0x0000000722600000, 0x0000000800000000)
  region size 2048K, 29 young (59392K), 4 survivors (8192K)
 Metaspace       used 48794K, committed 49152K, reserved 1114112K
  class space    used 5830K, committed 6016K, reserved 1048576K
}
Event: 20.220 GC heap after
{Heap after GC invocations=12 (full 0):
 garbage-first heap   total 139264K, used 55775K [0x0000000722600000, 0x0000000800000000)
  region size 2048K, 4 young (8192K), 4 survivors (8192K)
 Metaspace       used 48794K, committed 49152K, reserved 1114112K
  class space    used 5830K, committed 6016K, reserved 1048576K
}
Event: 31.267 GC heap before
{Heap before GC invocations=12 (full 0):
 garbage-first heap   total 139264K, used 102879K [0x0000000722600000, 0x0000000800000000)
  region size 2048K, 27 young (55296K), 4 survivors (8192K)
 Metaspace       used 52789K, committed 53056K, reserved 1114112K
  class space    used 6189K, committed 6336K, reserved 1048576K
}
Event: 31.306 GC heap after
{Heap after GC invocations=13 (full 0):
 garbage-first heap   total 139264K, used 61448K [0x0000000722600000, 0x0000000800000000)
  region size 2048K, 3 young (6144K), 3 survivors (6144K)
 Metaspace       used 52789K, committed 53056K, reserved 1114112K
  class space    used 6189K, committed 6336K, reserved 1048576K
}

