# JRE version: OpenJDK Runtime Environment Temurin-17.0.19+10 (17.0.19+10) (build 17.0.19+10)
# Java VM: OpenJDK 64-Bit Server VM Temurin-17.0.19+10 (17.0.19+10, mixed mode, sharing, tiered, compressed oops, compressed class ptrs, g1 gc, windows-amd64)
GC Precious Log:
 CPUs: 16 total, 16 available
 Memory: 14181M
 Large Page Support: Disabled
 NUMA Support: Disabled
 Compressed Oops: Enabled (32-bit)
 Heap Region Size: 1M
 Heap Min Capacity: 8M
 Heap Initial Capacity: 222M
 Heap Max Capacity: 2G
 Pre-touch: Disabled
 Parallel Workers: 13
 Concurrent Workers: 3
 Concurrent Refinement Workers: 13
 Periodic GC: Disabled
Heap:
 garbage-first heap   total 209920K, used 151209K [0x0000000080000000, 0x0000000100000000)
  region size 1024K, 21 young (21504K), 5 survivors (5120K)
 Metaspace       used 134398K, committed 135488K, reserved 557056K
  class space    used 17265K, committed 17792K, reserved 425984K
GC Heap History (20 events):
Event: 43.714 GC heap before
{Heap before GC invocations=27 (full 0):
 garbage-first heap   total 201728K, used 164515K [0x0000000080000000, 0x0000000100000000)
  region size 1024K, 49 young (50176K), 3 survivors (3072K)
 Metaspace       used 99931K, committed 100736K, reserved 557056K
  class space    used 13316K, committed 13696K, reserved 425984K
}
Event: 43.719 GC heap after
{Heap after GC invocations=28 (full 0):
 garbage-first heap   total 201728K, used 118980K [0x0000000080000000, 0x0000000100000000)
  region size 1024K, 6 young (6144K), 6 survivors (6144K)
 Metaspace       used 99931K, committed 100736K, reserved 557056K
  class space    used 13316K, committed 13696K, reserved 425984K
}
Event: 43.827 GC heap before
{Heap before GC invocations=28 (full 0):
 garbage-first heap   total 201728K, used 121028K [0x0000000080000000, 0x0000000100000000)
  region size 1024K, 9 young (9216K), 6 survivors (6144K)
 Metaspace       used 100336K, committed 101184K, reserved 557056K
  class space    used 13367K, committed 13760K, reserved 425984K
}
Event: 43.831 GC heap after
{Heap after GC invocations=29 (full 0):
 garbage-first heap   total 201728K, used 119246K [0x0000000080000000, 0x0000000100000000)
  region size 1024K, 1 young (1024K), 1 survivors (1024K)
 Metaspace       used 100336K, committed 101184K, reserved 557056K
  class space    used 13367K, committed 13760K, reserved 425984K
}
Event: 45.090 GC heap before
{Heap before GC invocations=29 (full 0):
 garbage-first heap   total 201728K, used 167374K [0x0000000080000000, 0x0000000100000000)
  region size 1024K, 48 young (49152K), 1 survivors (1024K)
 Metaspace       used 102650K, committed 103488K, reserved 557056K
  class space    used 13587K, committed 14016K, reserved 425984K
}
Event: 45.094 GC heap after
{Heap after GC invocations=30 (full 0):
 garbage-first heap   total 201728K, used 122627K [0x0000000080000000, 0x0000000100000000)
  region size 1024K, 5 young (5120K), 5 survivors (5120K)
 Metaspace       used 102650K, committed 103488K, reserved 557056K
  class space    used 13587K, committed 14016K, reserved 425984K
}
Event: 47.142 GC heap before
{Heap before GC invocations=31 (full 0):
 garbage-first heap   total 209920K, used 167683K [0x0000000080000000, 0x0000000100000000)
  region size 1024K, 49 young (50176K), 5 survivors (5120K)
 Metaspace       used 106114K, committed 107072K, reserved 557056K
  class space    used 13895K, committed 14336K, reserved 425984K
}
Event: 47.149 GC heap after
{Heap after GC invocations=32 (full 0):
 garbage-first heap   total 209920K, used 127957K [0x0000000080000000, 0x0000000100000000)
  region size 1024K, 6 young (6144K), 6 survivors (6144K)
 Metaspace       used 106114K, committed 107072K, reserved 557056K
  class space    used 13895K, committed 14336K, reserved 425984K
}
Event: 47.302 GC heap before
{Heap before GC invocations=32 (full 0):
 garbage-first heap   total 209920K, used 132053K [0x0000000080000000, 0x0000000100000000)
  region size 1024K, 10 young (10240K), 6 survivors (6144K)
 Metaspace       used 106265K, committed 107200K, reserved 557056K
  class space    used 13898K, committed 14336K, reserved 425984K
}
Event: 47.308 GC heap after
{Heap after GC invocations=33 (full 0):
 garbage-first heap   total 209920K, used 128356K [0x0000000080000000, 0x0000000100000000)
  region size 1024K, 1 young (1024K), 1 survivors (1024K)
 Metaspace       used 106265K, committed 107200K, reserved 557056K
  class space    used 13898K, committed 14336K, reserved 425984K
}
Event: 48.967 GC heap before
{Heap before GC invocations=33 (full 0):
 garbage-first heap   total 209920K, used 174436K [0x0000000080000000, 0x0000000100000000)
  region size 1024K, 46 young (47104K), 1 survivors (1024K)
 Metaspace       used 112110K, committed 112960K, reserved 557056K
  class space    used 14519K, committed 14912K, reserved 425984K
}
Event: 48.973 GC heap after
{Heap after GC invocations=34 (full 0):
 garbage-first heap   total 209920K, used 130698K [0x0000000080000000, 0x0000000100000000)
  region size 1024K, 4 young (4096K), 4 survivors (4096K)
 Metaspace       used 112110K, committed 112960K, reserved 557056K
  class space    used 14519K, committed 14912K, reserved 425984K
}
Event: 50.278 GC heap before
{Heap before GC invocations=34 (full 0):
 garbage-first heap   total 209920K, used 174730K [0x0000000080000000, 0x0000000100000000)
  region size 1024K, 47 young (48128K), 4 survivors (4096K)
 Metaspace       used 119005K, committed 119936K, reserved 557056K
  class space    used 15314K, committed 15744K, reserved 425984K
}
Event: 50.282 GC heap after
{Heap after GC invocations=35 (full 0):
 garbage-first heap   total 209920K, used 132248K [0x0000000080000000, 0x0000000100000000)
  region size 1024K, 5 young (5120K), 5 survivors (5120K)
 Metaspace       used 119005K, committed 119936K, reserved 557056K
  class space    used 15314K, committed 15744K, reserved 425984K
}
Event: 52.090 GC heap before
{Heap before GC invocations=35 (full 0):
 garbage-first heap   total 209920K, used 176280K [0x0000000080000000, 0x0000000100000000)
  region size 1024K, 49 young (50176K), 5 survivors (5120K)
 Metaspace       used 125203K, committed 126144K, reserved 557056K
  class space    used 15920K, committed 16384K, reserved 425984K
}
Event: 52.096 GC heap after
{Heap after GC invocations=36 (full 0):
 garbage-first heap   total 209920K, used 133064K [0x0000000080000000, 0x0000000100000000)
  region size 1024K, 3 young (3072K), 3 survivors (3072K)
 Metaspace       used 125203K, committed 126144K, reserved 557056K
  class space    used 15920K, committed 16384K, reserved 425984K
}
Event: 54.382 GC heap before
{Heap before GC invocations=36 (full 0):
 garbage-first heap   total 209920K, used 178120K [0x0000000080000000, 0x0000000100000000)
  region size 1024K, 47 young (48128K), 3 survivors (3072K)
 Metaspace       used 127753K, committed 128768K, reserved 557056K
  class space    used 16306K, committed 16768K, reserved 425984K
}
Event: 54.389 GC heap after
{Heap after GC invocations=37 (full 0):
 garbage-first heap   total 209920K, used 130736K [0x0000000080000000, 0x0000000100000000)
  region size 1024K, 6 young (6144K), 6 survivors (6144K)
 Metaspace       used 127753K, committed 128768K, reserved 557056K
  class space    used 16306K, committed 16768K, reserved 425984K
}
Event: 56.897 GC heap before
{Heap before GC invocations=37 (full 0):
 garbage-first heap   total 209920K, used 177840K [0x0000000080000000, 0x0000000100000000)
  region size 1024K, 52 young (53248K), 6 survivors (6144K)
 Metaspace       used 131919K, committed 132864K, reserved 557056K
  class space    used 16887K, committed 17344K, reserved 425984K
}
Event: 56.907 GC heap after
{Heap after GC invocations=38 (full 0):
 garbage-first heap   total 209920K, used 135849K [0x0000000080000000, 0x0000000100000000)
  region size 1024K, 5 young (5120K), 5 survivors (5120K)
 Metaspace       used 131919K, committed 132864K, reserved 557056K
  class space    used 16887K, committed 17344K, reserved 425984K
}

