# JRE version: OpenJDK Runtime Environment Temurin-17.0.19+10 (17.0.19+10) (build 17.0.19+10)
# Java VM: OpenJDK 64-Bit Server VM Temurin-17.0.19+10 (17.0.19+10, mixed mode, sharing, tiered, compressed oops, compressed class ptrs, g1 gc, windows-amd64)
GC Precious Log:
 CPUs: 16 total, 16 available
 Memory: 14181M
 Large Page Support: Disabled
 NUMA Support: Disabled
 Compressed Oops: Enabled (32-bit)
 Heap Region Size: 1M
 Heap Min Capacity: 8M
 Heap Initial Capacity: 222M
 Heap Max Capacity: 2G
 Pre-touch: Disabled
 Parallel Workers: 13
 Concurrent Workers: 3
 Concurrent Refinement Workers: 13
 Periodic GC: Disabled
Heap:
 garbage-first heap   total 82944K, used 38513K [0x0000000080000000, 0x0000000100000000)
  region size 1024K, 16 young (16384K), 4 survivors (4096K)
 Metaspace       used 32214K, committed 32512K, reserved 491520K
  class space    used 4592K, committed 4736K, reserved 425984K
GC Heap History (12 events):
Event: 2.991 GC heap before
{Heap before GC invocations=0 (full 0):
 garbage-first heap   total 227328K, used 26624K [0x0000000080000000, 0x0000000100000000)
  region size 1024K, 23 young (23552K), 0 survivors (0K)
 Metaspace       used 3055K, committed 3200K, reserved 491520K
  class space    used 380K, committed 448K, reserved 425984K
}
Event: 3.002 GC heap after
{Heap after GC invocations=1 (full 0):
 garbage-first heap   total 227328K, used 10106K [0x0000000080000000, 0x0000000100000000)
  region size 1024K, 3 young (3072K), 3 survivors (3072K)
 Metaspace       used 3055K, committed 3200K, reserved 491520K
  class space    used 380K, committed 448K, reserved 425984K
}
Event: 5.728 GC heap before
{Heap before GC invocations=1 (full 0):
 garbage-first heap   total 227328K, used 39802K [0x0000000080000000, 0x0000000100000000)
  region size 1024K, 31 young (31744K), 3 survivors (3072K)
 Metaspace       used 3972K, committed 4160K, reserved 491520K
  class space    used 476K, committed 576K, reserved 425984K
}
Event: 5.735 GC heap after
{Heap after GC invocations=2 (full 0):
 garbage-first heap   total 227328K, used 13127K [0x0000000080000000, 0x0000000100000000)
  region size 1024K, 3 young (3072K), 3 survivors (3072K)
 Metaspace       used 3972K, committed 4160K, reserved 491520K
  class space    used 476K, committed 576K, reserved 425984K
}
Event: 13.653 GC heap before
{Heap before GC invocations=2 (full 0):
 garbage-first heap   total 227328K, used 115527K [0x0000000080000000, 0x0000000100000000)
  region size 1024K, 104 young (106496K), 3 survivors (3072K)
 Metaspace       used 21130K, committed 21504K, reserved 491520K
  class space    used 3119K, committed 3328K, reserved 425984K
}
Event: 13.673 GC heap after
{Heap after GC invocations=3 (full 0):
 garbage-first heap   total 227328K, used 22239K [0x0000000080000000, 0x0000000100000000)
  region size 1024K, 12 young (12288K), 12 survivors (12288K)
 Metaspace       used 21130K, committed 21504K, reserved 491520K
  class space    used 3119K, committed 3328K, reserved 425984K
}
Event: 18.793 GC heap before
{Heap before GC invocations=4 (full 0):
 garbage-first heap   total 78848K, used 64223K [0x0000000080000000, 0x0000000100000000)
  region size 1024K, 55 young (56320K), 12 survivors (12288K)
 Metaspace       used 26971K, committed 27328K, reserved 491520K
  class space    used 3862K, committed 4032K, reserved 425984K
}
Event: 18.813 GC heap after
{Heap after GC invocations=5 (full 0):
 garbage-first heap   total 82944K, used 25214K [0x0000000080000000, 0x0000000100000000)
  region size 1024K, 4 young (4096K), 4 survivors (4096K)
 Metaspace       used 26971K, committed 27328K, reserved 491520K
  class space    used 3862K, committed 4032K, reserved 425984K
}
Event: 23.210 GC heap before
{Heap before GC invocations=5 (full 0):
 garbage-first heap   total 82944K, used 57982K [0x0000000080000000, 0x0000000100000000)
  region size 1024K, 37 young (37888K), 4 survivors (4096K)
 Metaspace       used 29784K, committed 30144K, reserved 491520K
  class space    used 4306K, committed 4480K, reserved 425984K
}
Event: 23.217 GC heap after
{Heap after GC invocations=6 (full 0):
 garbage-first heap   total 82944K, used 26919K [0x0000000080000000, 0x0000000100000000)
  region size 1024K, 3 young (3072K), 3 survivors (3072K)
 Metaspace       used 29784K, committed 30144K, reserved 491520K
  class space    used 4306K, committed 4480K, reserved 425984K
}
Event: 25.357 GC heap before
{Heap before GC invocations=6 (full 0):
 garbage-first heap   total 82944K, used 60711K [0x0000000080000000, 0x0000000100000000)
  region size 1024K, 36 young (36864K), 3 survivors (3072K)
 Metaspace       used 31391K, committed 31808K, reserved 491520K
  class space    used 4520K, committed 4672K, reserved 425984K
}
Event: 25.366 GC heap after
{Heap after GC invocations=7 (full 0):
 garbage-first heap   total 82944K, used 28273K [0x0000000080000000, 0x0000000100000000)
  region size 1024K, 4 young (4096K), 4 survivors (4096K)
 Metaspace       used 31391K, committed 31808K, reserved 491520K
  class space    used 4520K, committed 4672K, reserved 425984K
}

